<?xml version="1.0" encoding="UTF-8"?>
<!-- Generated by org.testng.reporters.JUnitXMLReporter -->
<testsuite ignored="0" hostname="DESKTOP-3UGTBIN" failures="0" tests="12" name="Test" time="623.73" errors="0" timestamp="2024-09-24T06:22:23 IST">
  <testcase classname="amazonflights_test.Test2_LoginAmazonFlights" name="flightLogin" time="2.957"/>
  <testcase classname="amazonflights_test.Test4_SearchOneWayFlights" name="searching_oneway_flights" time="22.263"/>
  <testcase classname="amazonflights_test.Test5_SearchRoundTripFlights" name="searching_roundtripflights" time="28.403"/>
  <testcase classname="amazonflights_test.Test6_SearchResultforDifferentClasses" name="validating_SearchResultforDifferentClasses" time="57.378"/>
  <testcase classname="amazonflights_test.Test8_SeatSelection" name="flightseatselection" time="43.72"/>
  <testcase classname="amazonflights_test.Test15_FlightBookingPayment" name="payment_flightbooking" time="72.793"/>
  <testcase classname="amazonflights_test.Test10_Validatedetails_FightFareBaggageCanc" name="validating_various_details" time="37.34"/>
  <testcase classname="amazonflights_test.Test11_ValidateEveryTextField" name="validating_evrytextfield" time="33.823"/>
  <testcase classname="amazonflights_test.Test12_LogoutSite" name="logout_amazonflights" time="25.052"/>
  <testcase classname="amazonflights_test.Test13_ApplyCouponCode" name="apply_offercode" time="27.882"/>
  <testcase classname="amazonflights_test.Test14_DomesticRoundTripFlight" name="searching_domesticRoundTripFlight" time="25.399"/>
  <testcase classname="amazonflights_test.Test9_MultiplePassangersInSingleBooking" name="handling_multiplepax_insinglebooking" time="49.146"/>
</testsuite> <!-- Test -->
