<?xml version="1.0" encoding="UTF-8"?>
<testng-results ignored="0" total="1" passed="1" failed="0" skipped="0">
  <reporter-output>
    <line>
      <![CDATA[Test case is pass, check screenshot for better info]]>
    </line>
  </reporter-output>
  <suite started-at="2024-09-23T21:04:23 IST" name="Default suite" finished-at="2024-09-23T21:05:44 IST" duration-ms="81333">
    <groups>
    </groups>
    <test started-at="2024-09-23T21:04:23 IST" name="Default test" finished-at="2024-09-23T21:05:44 IST" duration-ms="81333">
      <class name="amazonflights_test.Test9_MultiplePassangersInSingleBooking">
        <test-method is-config="true" signature="launch_browser()[pri:0, instance:amazonflights_test.Test9_MultiplePassangersInSingleBooking@21e360a]" started-at="2024-09-23T21:04:23 IST" name="launch_browser" finished-at="2024-09-23T21:04:35 IST" duration-ms="12746" status="PASS">
          <reporter-output>
          </reporter-output>
        </test-method> <!-- launch_browser -->
        <test-method signature="handling_multiplepax_insinglebooking()[pri:0, instance:amazonflights_test.Test9_MultiplePassangersInSingleBooking@21e360a]" started-at="2024-09-23T21:04:35 IST" name="handling_multiplepax_insinglebooking" finished-at="2024-09-23T21:05:33 IST" duration-ms="57771" status="PASS">
          <reporter-output>
            <line>
              <![CDATA[Test case is pass, check screenshot for better info]]>
            </line>
          </reporter-output>
        </test-method> <!-- handling_multiplepax_insinglebooking -->
        <test-method is-config="true" signature="quit_browser()[pri:0, instance:amazonflights_test.Test9_MultiplePassangersInSingleBooking@21e360a]" started-at="2024-09-23T21:05:33 IST" name="quit_browser" finished-at="2024-09-23T21:05:44 IST" duration-ms="10549" status="PASS">
          <reporter-output>
          </reporter-output>
        </test-method> <!-- quit_browser -->
      </class> <!-- amazonflights_test.Test9_MultiplePassangersInSingleBooking -->
    </test> <!-- Default test -->
  </suite> <!-- Default suite -->
</testng-results>
